<?xml version="1.0" encoding="UTF-8"?>
<testng-results skipped="0" failed="0" ignored="0" total="1" passed="1">
  <reporter-output>
  </reporter-output>
  <suite name="Default suite" duration-ms="65822" started-at="2019-06-17T14:30:32Z" finished-at="2019-06-17T14:31:38Z">
    <groups>
    </groups>
    <test name="Default test" duration-ms="65822" started-at="2019-06-17T14:30:32Z" finished-at="2019-06-17T14:31:38Z">
      <class name="org.maven.testng.TestNGProject.LaunchBrowser">
        <test-method status="PASS" signature="test1()[pri:0, instance:org.maven.testng.TestNGProject.LaunchBrowser@77caeb3e]" name="test1" duration-ms="65761" started-at="2019-06-17T14:30:32Z" finished-at="2019-06-17T14:31:38Z">
          <reporter-output>
          </reporter-output>
        </test-method> <!-- test1 -->
      </class> <!-- org.maven.testng.TestNGProject.LaunchBrowser -->
    </test> <!-- Default test -->
  </suite> <!-- Default suite -->
</testng-results>
